<?xml version="1.0" encoding="UTF-8"?>
<testng-results skipped="0" failed="1" total="1" passed="0">
  <reporter-output>
  </reporter-output>
  <suite name="Default suite" duration-ms="61413" started-at="2020-07-12T06:03:04Z" finished-at="2020-07-12T06:04:05Z">
    <groups>
    </groups>
    <test name="Default test" duration-ms="61413" started-at="2020-07-12T06:03:04Z" finished-at="2020-07-12T06:04:05Z">
      <class name="GSMobile.GSMobile.cloudTest">
        <test-method status="PASS" signature="setUp()[pri:0, instance:GSMobile.GSMobile.cloudTest@1d548a08]" name="setUp" is-config="true" duration-ms="53141" started-at="2020-07-12T11:33:04Z" finished-at="2020-07-12T11:33:57Z">
          <reporter-output>
          </reporter-output>
        </test-method> <!-- setUp -->
        <test-method status="FAIL" signature="browserTestGoogleSearch()[pri:0, instance:GSMobile.GSMobile.cloudTest@1d548a08]" name="browserTestGoogleSearch" duration-ms="7341" started-at="2020-07-12T11:33:57Z" finished-at="2020-07-12T11:34:04Z">
          <exception class="org.openqa.selenium.json.JsonException">
            <message>
              <![CDATA[Expected to read a START_MAP but instead have: END. Last 0 characters read: 
Build info: version: '3.14.0', revision: 'aacccce0', time: '2018-08-02T20:19:58.91Z'
System info: host: 'WKWIN5573498', ip: '192.168.1.5', os.name: 'Windows 10', os.arch: 'amd64', os.version: '10.0', java.version: '1.8.0_231'
Driver info: driver.version: RemoteWebDriver]]>
            </message>
            <full-stacktrace>
              <![CDATA[org.openqa.selenium.json.JsonException: Expected to read a START_MAP but instead have: END. Last 0 characters read: 
Build info: version: '3.14.0', revision: 'aacccce0', time: '2018-08-02T20:19:58.91Z'
System info: host: 'WKWIN5573498', ip: '192.168.1.5', os.name: 'Windows 10', os.arch: 'amd64', os.version: '10.0', java.version: '1.8.0_231'
Driver info: driver.version: RemoteWebDriver
	at org.openqa.selenium.json.JsonInput.expect(JsonInput.java:289)
	at org.openqa.selenium.json.JsonInput.beginObject(JsonInput.java:219)
	at org.openqa.selenium.json.MapCoercer.lambda$apply$1(MapCoercer.java:64)
	at org.openqa.selenium.json.JsonTypeCoercer.lambda$null$6(JsonTypeCoercer.java:142)
	at org.openqa.selenium.json.JsonTypeCoercer.coerce(JsonTypeCoercer.java:123)
	at org.openqa.selenium.json.Json.toType(Json.java:60)
	at org.openqa.selenium.json.Json.toType(Json.java:50)
	at org.openqa.selenium.remote.http.W3CHttpResponseCodec.decode(W3CHttpResponseCodec.java:87)
	at org.openqa.selenium.remote.http.W3CHttpResponseCodec.decode(W3CHttpResponseCodec.java:49)
	at org.openqa.selenium.remote.HttpCommandExecutor.execute(HttpCommandExecutor.java:158)
	at org.openqa.selenium.remote.RemoteWebDriver.execute(RemoteWebDriver.java:548)
	at org.openqa.selenium.remote.RemoteWebDriver.get(RemoteWebDriver.java:276)
	at GSMobile.GSMobile.cloudTest.browserTestGoogleSearch(cloudTest.java:39)
	at sun.reflect.NativeMethodAccessorImpl.invoke0(Native Method)
	at sun.reflect.NativeMethodAccessorImpl.invoke(NativeMethodAccessorImpl.java:62)
	at sun.reflect.DelegatingMethodAccessorImpl.invoke(DelegatingMethodAccessorImpl.java:43)
	at java.lang.reflect.Method.invoke(Method.java:498)
	at org.testng.internal.MethodInvocationHelper.invokeMethod(MethodInvocationHelper.java:80)
	at org.testng.internal.Invoker.invokeMethod(Invoker.java:714)
	at org.testng.internal.Invoker.invokeTestMethod(Invoker.java:901)
	at org.testng.internal.Invoker.invokeTestMethods(Invoker.java:1231)
	at org.testng.internal.TestMethodWorker.invokeTestMethods(TestMethodWorker.java:127)
	at org.testng.internal.TestMethodWorker.run(TestMethodWorker.java:111)
	at org.testng.TestRunner.privateRun(TestRunner.java:767)
	at org.testng.TestRunner.run(TestRunner.java:617)
	at org.testng.SuiteRunner.runTest(SuiteRunner.java:334)
	at org.testng.SuiteRunner.runSequentially(SuiteRunner.java:329)
	at org.testng.SuiteRunner.privateRun(SuiteRunner.java:291)
	at org.testng.SuiteRunner.run(SuiteRunner.java:240)
	at org.testng.SuiteRunnerWorker.runSuite(SuiteRunnerWorker.java:52)
	at org.testng.SuiteRunnerWorker.run(SuiteRunnerWorker.java:86)
	at org.testng.TestNG.runSuitesSequentially(TestNG.java:1198)
	at org.testng.TestNG.runSuitesLocally(TestNG.java:1123)
	at org.testng.TestNG.run(TestNG.java:1031)
	at org.testng.remote.AbstractRemoteTestNG.run(AbstractRemoteTestNG.java:115)
	at org.testng.remote.RemoteTestNG.initAndRun(RemoteTestNG.java:251)
	at org.testng.remote.RemoteTestNG.main(RemoteTestNG.java:77)
]]>
            </full-stacktrace>
          </exception> <!-- org.openqa.selenium.json.JsonException -->
          <reporter-output>
          </reporter-output>
        </test-method> <!-- browserTestGoogleSearch -->
        <test-method status="PASS" signature="tearDown()[pri:0, instance:GSMobile.GSMobile.cloudTest@1d548a08]" name="tearDown" is-config="true" duration-ms="902" started-at="2020-07-12T11:34:04Z" finished-at="2020-07-12T11:34:05Z">
          <reporter-output>
          </reporter-output>
        </test-method> <!-- tearDown -->
      </class> <!-- GSMobile.GSMobile.cloudTest -->
    </test> <!-- Default test -->
  </suite> <!-- Default suite -->
</testng-results>
